<?xml version="1.0" encoding="UTF-8"?>
<!-- Generated by org.testng.reporters.JUnitReportReporter -->
<testsuite skipped="0" hostname="DESKTOP-G2J1RLB" name="com.TestCase.SavaariTest" tests="1" failures="0" timestamp="2020-10-13T16:10:28 IST" time="55.942" errors="0">
  <testcase name="f" time="55.942" classname="com.TestCase.SavaariTest"/>
</testsuite> <!-- com.TestCase.SavaariTest -->
